<?xml version="1.0" encoding="utf-8"?><testsuites name="pytest tests"><testsuite name="pytest" errors="0" failures="0" skipped="0" tests="10" time="551.366" timestamp="2026-06-17T20:10:18.384393+02:00" hostname="PJ4516869153260"><testcase classname="backend.testing.pytest.test_funcionales" name="test_recall_ensemble" time="551.271" /><testcase classname="backend.testing.pytest.test_funcionales" name="test_critical_recall" time="0.002" /><testcase classname="backend.testing.pytest.test_funcionales" name="test_rag" time="0.001" /><testcase classname="backend.testing.pytest.test_funcionales" name="test_cobertura_ataques" time="0.001" /><testcase classname="backend.testing.pytest.test_funcionales" name="test_precision" time="0.001" /><testcase classname="backend.testing.pytest.test_funcionales" name="test_falsos_positivos" time="0.001" /><testcase classname="backend.testing.pytest.test_funcionales" name="test_falsos_negativos" time="0.001" /><testcase classname="backend.testing.pytest.test_no_funcionales" name="test_tiempo" time="0.001" /><testcase classname="backend.testing.pytest.test_no_funcionales" name="test_memoria" time="0.002" /><testcase classname="backend.testing.pytest.test_no_funcionales" name="test_tiempo_por_archivo" time="0.001" /></testsuite></testsuites>