<?xml version="1.0" encoding="utf-8"?><testsuites name="pytest tests"><testsuite name="pytest" errors="0" failures="3" skipped="0" tests="10" time="614.058" timestamp="2026-06-17T20:58:29.720750+02:00" hostname="PJ4516869153260"><testcase classname="backend.testing.pytest.test_funcionales" name="test_recall_ensemble" time="612.562" /><testcase classname="backend.testing.pytest.test_funcionales" name="test_critical_recall" time="0.002" /><testcase classname="backend.testing.pytest.test_funcionales" name="test_rag" time="0.002" /><testcase classname="backend.testing.pytest.test_funcionales" name="test_cobertura_ataques" time="0.002" /><testcase classname="backend.testing.pytest.test_funcionales" name="test_precision" time="0.003"><failure message="assert 73.68 &gt;= 80">resultado_analisis = {'total_vulnerabilidades': 38, 'vulnerabilidades': [{'modelo': 'OpenAI', 'file': 'backend/testing/corpus/php\\BrokenAc...cwe': 78, 'total': 51}, {'cwe': 79, 'total': 50}, {'cwe': 918, 'total': 45}, {'cwe': 16, 'total': 42}, ...], ...}, ...}

    def test_precision(resultado_analisis):
    
        precision = resultado_analisis[
            "metricas_vulnerabilidades"
        ][
            "Precisión (%)"
        ]
    
&gt;       assert precision &gt;= 80
E       assert 73.68 &gt;= 80

backend\testing\pytest\test_funcionales.py:52: AssertionError</failure></testcase><testcase classname="backend.testing.pytest.test_funcionales" name="test_falsos_positivos" time="0.004"><failure message="assert 26.32 &lt;= 20">resultado_analisis = {'total_vulnerabilidades': 38, 'vulnerabilidades': [{'modelo': 'OpenAI', 'file': 'backend/testing/corpus/php\\BrokenAc...cwe': 78, 'total': 51}, {'cwe': 79, 'total': 50}, {'cwe': 918, 'total': 45}, {'cwe': 16, 'total': 42}, ...], ...}, ...}

    def test_falsos_positivos(resultado_analisis):
    
        fp = resultado_analisis[
            "metricas_vulnerabilidades"
        ]["Falsos positivos (%)"]
    
&gt;       assert fp &lt;= 20
E       assert 26.32 &lt;= 20

backend\testing\pytest\test_funcionales.py:64: AssertionError</failure></testcase><testcase classname="backend.testing.pytest.test_funcionales" name="test_falsos_negativos" time="0.004" /><testcase classname="backend.testing.pytest.test_no_funcionales" name="test_tiempo" time="0.004"><failure message="assert 612.504 &lt; 600">resultado_analisis = {'total_vulnerabilidades': 38, 'vulnerabilidades': [{'modelo': 'OpenAI', 'file': 'backend/testing/corpus/php\\BrokenAc...cwe': 78, 'total': 51}, {'cwe': 79, 'total': 50}, {'cwe': 918, 'total': 45}, {'cwe': 16, 'total': 42}, ...], ...}, ...}

    def test_tiempo(resultado_analisis):
    
        tiempo = resultado_analisis[
            "metricas_rendimiento"
        ]["tiempo_total_segundos"]
    
&gt;       assert tiempo &lt; 600
E       assert 612.504 &lt; 600

backend\testing\pytest\test_no_funcionales.py:9: AssertionError</failure></testcase><testcase classname="backend.testing.pytest.test_no_funcionales" name="test_memoria" time="0.003" /><testcase classname="backend.testing.pytest.test_no_funcionales" name="test_tiempo_por_archivo" time="0.002" /></testsuite></testsuites>